ERROR - 2024-11-22 14:43:42 --> Error connecting to the database: mysqli_sql_exception: No such file or directory in /home/etudiant/ll222278/CodeIgniter/SGT/system/Database/MySQLi/Connection.php:186
Stack trace:
#0 /home/etudiant/ll222278/CodeIgniter/SGT/system/Database/MySQLi/Connection.php(186): mysqli->real_connect()
#1 /home/etudiant/ll222278/CodeIgniter/SGT/system/Database/BaseConnection.php(421): CodeIgniter\Database\MySQLi\Connection->connect()
#2 /home/etudiant/ll222278/CodeIgniter/SGT/system/Database/BaseConnection.php(616): CodeIgniter\Database\BaseConnection->initialize()
#3 /home/etudiant/ll222278/CodeIgniter/SGT/system/Database/BaseConnection.php(1485): CodeIgniter\Database\BaseConnection->query()
#4 /home/etudiant/ll222278/CodeIgniter/SGT/system/Database/BaseConnection.php(1505): CodeIgniter\Database\BaseConnection->listTables()
#5 /home/etudiant/ll222278/CodeIgniter/SGT/system/Database/MigrationRunner.php(759): CodeIgniter\Database\BaseConnection->tableExists()
#6 /home/etudiant/ll222278/CodeIgniter/SGT/system/Database/MigrationRunner.php(163): CodeIgniter\Database\MigrationRunner->ensureTable()
#7 /home/etudiant/ll222278/CodeIgniter/SGT/system/Commands/Database/Migrate.php(85): CodeIgniter\Database\MigrationRunner->latest()
#8 /home/etudiant/ll222278/CodeIgniter/SGT/system/CLI/Commands.php(70): CodeIgniter\Commands\Database\Migrate->run()
#9 /home/etudiant/ll222278/CodeIgniter/SGT/system/CLI/Console.php(48): CodeIgniter\CLI\Commands->run()
#10 /home/etudiant/ll222278/CodeIgniter/SGT/system/Boot.php(351): CodeIgniter\CLI\Console->run()
#11 /home/etudiant/ll222278/CodeIgniter/SGT/system/Boot.php(104): CodeIgniter\Boot::runCommand()
#12 /home/etudiant/ll222278/CodeIgniter/SGT/spark(84): CodeIgniter\Boot::bootSpark()
#13 {main}

Next CodeIgniter\Database\Exceptions\DatabaseException: No such file or directory in /home/etudiant/ll222278/CodeIgniter/SGT/system/Database/MySQLi/Connection.php:231
Stack trace:
#0 /home/etudiant/ll222278/CodeIgniter/SGT/system/Database/BaseConnection.php(421): CodeIgniter\Database\MySQLi\Connection->connect()
#1 /home/etudiant/ll222278/CodeIgniter/SGT/system/Database/BaseConnection.php(616): CodeIgniter\Database\BaseConnection->initialize()
#2 /home/etudiant/ll222278/CodeIgniter/SGT/system/Database/BaseConnection.php(1485): CodeIgniter\Database\BaseConnection->query()
#3 /home/etudiant/ll222278/CodeIgniter/SGT/system/Database/BaseConnection.php(1505): CodeIgniter\Database\BaseConnection->listTables()
#4 /home/etudiant/ll222278/CodeIgniter/SGT/system/Database/MigrationRunner.php(759): CodeIgniter\Database\BaseConnection->tableExists()
#5 /home/etudiant/ll222278/CodeIgniter/SGT/system/Database/MigrationRunner.php(163): CodeIgniter\Database\MigrationRunner->ensureTable()
#6 /home/etudiant/ll222278/CodeIgniter/SGT/system/Commands/Database/Migrate.php(85): CodeIgniter\Database\MigrationRunner->latest()
#7 /home/etudiant/ll222278/CodeIgniter/SGT/system/CLI/Commands.php(70): CodeIgniter\Commands\Database\Migrate->run()
#8 /home/etudiant/ll222278/CodeIgniter/SGT/system/CLI/Console.php(48): CodeIgniter\CLI\Commands->run()
#9 /home/etudiant/ll222278/CodeIgniter/SGT/system/Boot.php(351): CodeIgniter\CLI\Console->run()
#10 /home/etudiant/ll222278/CodeIgniter/SGT/system/Boot.php(104): CodeIgniter\Boot::runCommand()
#11 /home/etudiant/ll222278/CodeIgniter/SGT/spark(84): CodeIgniter\Boot::bootSpark()
#12 {main}
ERROR - 2024-11-22 14:44:17 --> ErrorException: pg_query(): Query failed: ERREUR:  la relation « utilisateur » existe déjà in /home/etudiant/ll222278/CodeIgniter/SGT/system/Database/Postgre/Connection.php:204
Stack trace:
#0 [internal function]: CodeIgniter\Debug\Exceptions->errorHandler()
#1 /home/etudiant/ll222278/CodeIgniter/SGT/system/Database/Postgre/Connection.php(204): pg_query()
#2 /home/etudiant/ll222278/CodeIgniter/SGT/system/Database/BaseConnection.php(734): CodeIgniter\Database\Postgre\Connection->execute()
#3 /home/etudiant/ll222278/CodeIgniter/SGT/system/Database/BaseConnection.php(648): CodeIgniter\Database\BaseConnection->simpleQuery()
#4 /home/etudiant/ll222278/CodeIgniter/SGT/system/Database/Forge.php(570): CodeIgniter\Database\BaseConnection->query()
#5 /home/etudiant/ll222278/CodeIgniter/SGT/app/Database/Migrations/2024-11-22-143935_CreateUtilisateurTable.php(34): CodeIgniter\Database\Forge->createTable()
#6 /home/etudiant/ll222278/CodeIgniter/SGT/system/Database/MigrationRunner.php(867): App\Database\Migrations\CreateUtilisateurTable->up()
#7 /home/etudiant/ll222278/CodeIgniter/SGT/system/Database/MigrationRunner.php(183): CodeIgniter\Database\MigrationRunner->migrate()
#8 /home/etudiant/ll222278/CodeIgniter/SGT/system/Commands/Database/Migrate.php(85): CodeIgniter\Database\MigrationRunner->latest()
#9 /home/etudiant/ll222278/CodeIgniter/SGT/system/CLI/Commands.php(70): CodeIgniter\Commands\Database\Migrate->run()
#10 /home/etudiant/ll222278/CodeIgniter/SGT/system/CLI/Console.php(48): CodeIgniter\CLI\Commands->run()
#11 /home/etudiant/ll222278/CodeIgniter/SGT/system/Boot.php(351): CodeIgniter\CLI\Console->run()
#12 /home/etudiant/ll222278/CodeIgniter/SGT/system/Boot.php(104): CodeIgniter\Boot::runCommand()
#13 /home/etudiant/ll222278/CodeIgniter/SGT/spark(84): CodeIgniter\Boot::bootSpark()
#14 {main}
ERROR - 2024-11-22 15:20:39 --> ErrorException: pg_query(): Query failed: ERREUR:  le type « enum » n'existe pas
LINE 8:  "priorite" ENUM('importante','neutre','faible') DEFAULT 'ne...
                    ^ in /home/etudiant/ll222278/CodeIgniter/SGT/system/Database/Postgre/Connection.php:204
Stack trace:
#0 [internal function]: CodeIgniter\Debug\Exceptions->errorHandler()
#1 /home/etudiant/ll222278/CodeIgniter/SGT/system/Database/Postgre/Connection.php(204): pg_query()
#2 /home/etudiant/ll222278/CodeIgniter/SGT/system/Database/BaseConnection.php(734): CodeIgniter\Database\Postgre\Connection->execute()
#3 /home/etudiant/ll222278/CodeIgniter/SGT/system/Database/BaseConnection.php(648): CodeIgniter\Database\BaseConnection->simpleQuery()
#4 /home/etudiant/ll222278/CodeIgniter/SGT/system/Database/Forge.php(570): CodeIgniter\Database\BaseConnection->query()
#5 /home/etudiant/ll222278/CodeIgniter/SGT/app/Database/Migrations/2024-11-22-144556_CreateTacheTable.php(50): CodeIgniter\Database\Forge->createTable()
#6 /home/etudiant/ll222278/CodeIgniter/SGT/system/Database/MigrationRunner.php(867): App\Database\Migrations\CreateTacheTable->up()
#7 /home/etudiant/ll222278/CodeIgniter/SGT/system/Database/MigrationRunner.php(183): CodeIgniter\Database\MigrationRunner->migrate()
#8 /home/etudiant/ll222278/CodeIgniter/SGT/system/Commands/Database/Migrate.php(85): CodeIgniter\Database\MigrationRunner->latest()
#9 /home/etudiant/ll222278/CodeIgniter/SGT/system/CLI/Commands.php(70): CodeIgniter\Commands\Database\Migrate->run()
#10 /home/etudiant/ll222278/CodeIgniter/SGT/system/CLI/Console.php(48): CodeIgniter\CLI\Commands->run()
#11 /home/etudiant/ll222278/CodeIgniter/SGT/system/Boot.php(351): CodeIgniter\CLI\Console->run()
#12 /home/etudiant/ll222278/CodeIgniter/SGT/system/Boot.php(104): CodeIgniter\Boot::runCommand()
#13 /home/etudiant/ll222278/CodeIgniter/SGT/spark(84): CodeIgniter\Boot::bootSpark()
#14 {main}
ERROR - 2024-11-22 15:21:09 --> ErrorException: pg_query(): Query failed: ERREUR:  erreur de syntaxe sur ou près de « 'importante' »
LINE 8:  "priorite" VARCHAR('importante','neutre','faible') DEFAULT ...
                            ^ in /home/etudiant/ll222278/CodeIgniter/SGT/system/Database/Postgre/Connection.php:204
Stack trace:
#0 [internal function]: CodeIgniter\Debug\Exceptions->errorHandler()
#1 /home/etudiant/ll222278/CodeIgniter/SGT/system/Database/Postgre/Connection.php(204): pg_query()
#2 /home/etudiant/ll222278/CodeIgniter/SGT/system/Database/BaseConnection.php(734): CodeIgniter\Database\Postgre\Connection->execute()
#3 /home/etudiant/ll222278/CodeIgniter/SGT/system/Database/BaseConnection.php(648): CodeIgniter\Database\BaseConnection->simpleQuery()
#4 /home/etudiant/ll222278/CodeIgniter/SGT/system/Database/Forge.php(570): CodeIgniter\Database\BaseConnection->query()
#5 /home/etudiant/ll222278/CodeIgniter/SGT/app/Database/Migrations/2024-11-22-144556_CreateTacheTable.php(50): CodeIgniter\Database\Forge->createTable()
#6 /home/etudiant/ll222278/CodeIgniter/SGT/system/Database/MigrationRunner.php(867): App\Database\Migrations\CreateTacheTable->up()
#7 /home/etudiant/ll222278/CodeIgniter/SGT/system/Database/MigrationRunner.php(183): CodeIgniter\Database\MigrationRunner->migrate()
#8 /home/etudiant/ll222278/CodeIgniter/SGT/system/Commands/Database/Migrate.php(85): CodeIgniter\Database\MigrationRunner->latest()
#9 /home/etudiant/ll222278/CodeIgniter/SGT/system/CLI/Commands.php(70): CodeIgniter\Commands\Database\Migrate->run()
#10 /home/etudiant/ll222278/CodeIgniter/SGT/system/CLI/Console.php(48): CodeIgniter\CLI\Commands->run()
#11 /home/etudiant/ll222278/CodeIgniter/SGT/system/Boot.php(351): CodeIgniter\CLI\Console->run()
#12 /home/etudiant/ll222278/CodeIgniter/SGT/system/Boot.php(104): CodeIgniter\Boot::runCommand()
#13 /home/etudiant/ll222278/CodeIgniter/SGT/spark(84): CodeIgniter\Boot::bootSpark()
#14 {main}
ERROR - 2024-11-22 15:27:25 --> ErrorException: pg_query(): Query failed: ERREUR:  syntaxe en entrée invalide pour le type timestamp : « CURRENT_TIMESTAMP »
LINE 6:  "dateCreation" TIMESTAMP DEFAULT 'CURRENT_TIMESTAMP' NULL,
                                          ^ in /home/etudiant/ll222278/CodeIgniter/SGT/system/Database/Postgre/Connection.php:204
Stack trace:
#0 [internal function]: CodeIgniter\Debug\Exceptions->errorHandler()
#1 /home/etudiant/ll222278/CodeIgniter/SGT/system/Database/Postgre/Connection.php(204): pg_query()
#2 /home/etudiant/ll222278/CodeIgniter/SGT/system/Database/BaseConnection.php(734): CodeIgniter\Database\Postgre\Connection->execute()
#3 /home/etudiant/ll222278/CodeIgniter/SGT/system/Database/BaseConnection.php(648): CodeIgniter\Database\BaseConnection->simpleQuery()
#4 /home/etudiant/ll222278/CodeIgniter/SGT/system/Database/Forge.php(570): CodeIgniter\Database\BaseConnection->query()
#5 /home/etudiant/ll222278/CodeIgniter/SGT/app/Database/Migrations/2024-11-22-144556_CreateTacheTable.php(49): CodeIgniter\Database\Forge->createTable()
#6 /home/etudiant/ll222278/CodeIgniter/SGT/system/Database/MigrationRunner.php(867): App\Database\Migrations\CreateTacheTable->up()
#7 /home/etudiant/ll222278/CodeIgniter/SGT/system/Database/MigrationRunner.php(183): CodeIgniter\Database\MigrationRunner->migrate()
#8 /home/etudiant/ll222278/CodeIgniter/SGT/system/Commands/Database/Migrate.php(85): CodeIgniter\Database\MigrationRunner->latest()
#9 /home/etudiant/ll222278/CodeIgniter/SGT/system/CLI/Commands.php(70): CodeIgniter\Commands\Database\Migrate->run()
#10 /home/etudiant/ll222278/CodeIgniter/SGT/system/CLI/Console.php(48): CodeIgniter\CLI\Commands->run()
#11 /home/etudiant/ll222278/CodeIgniter/SGT/system/Boot.php(351): CodeIgniter\CLI\Console->run()
#12 /home/etudiant/ll222278/CodeIgniter/SGT/system/Boot.php(104): CodeIgniter\Boot::runCommand()
#13 /home/etudiant/ll222278/CodeIgniter/SGT/spark(84): CodeIgniter\Boot::bootSpark()
#14 {main}
ERROR - 2024-11-22 15:29:53 --> ErrorException: pg_query(): Query failed: ERREUR:  syntaxe en entrée invalide pour le type timestamp : « CURRENT_TIMESTAMP »
LINE 6:  "dateCreation" TIMESTAMP DEFAULT 'CURRENT_TIMESTAMP' NULL,
                                          ^ in /home/etudiant/ll222278/CodeIgniter/SGT/system/Database/Postgre/Connection.php:204
Stack trace:
#0 [internal function]: CodeIgniter\Debug\Exceptions->errorHandler()
#1 /home/etudiant/ll222278/CodeIgniter/SGT/system/Database/Postgre/Connection.php(204): pg_query()
#2 /home/etudiant/ll222278/CodeIgniter/SGT/system/Database/BaseConnection.php(734): CodeIgniter\Database\Postgre\Connection->execute()
#3 /home/etudiant/ll222278/CodeIgniter/SGT/system/Database/BaseConnection.php(648): CodeIgniter\Database\BaseConnection->simpleQuery()
#4 /home/etudiant/ll222278/CodeIgniter/SGT/system/Database/Forge.php(570): CodeIgniter\Database\BaseConnection->query()
#5 /home/etudiant/ll222278/CodeIgniter/SGT/app/Database/Migrations/2024-11-22-144556_CreateTacheTable.php(49): CodeIgniter\Database\Forge->createTable()
#6 /home/etudiant/ll222278/CodeIgniter/SGT/system/Database/MigrationRunner.php(867): App\Database\Migrations\CreateTacheTable->up()
#7 /home/etudiant/ll222278/CodeIgniter/SGT/system/Database/MigrationRunner.php(183): CodeIgniter\Database\MigrationRunner->migrate()
#8 /home/etudiant/ll222278/CodeIgniter/SGT/system/Commands/Database/Migrate.php(85): CodeIgniter\Database\MigrationRunner->latest()
#9 /home/etudiant/ll222278/CodeIgniter/SGT/system/CLI/Commands.php(70): CodeIgniter\Commands\Database\Migrate->run()
#10 /home/etudiant/ll222278/CodeIgniter/SGT/system/CLI/Console.php(48): CodeIgniter\CLI\Commands->run()
#11 /home/etudiant/ll222278/CodeIgniter/SGT/system/Boot.php(351): CodeIgniter\CLI\Console->run()
#12 /home/etudiant/ll222278/CodeIgniter/SGT/system/Boot.php(104): CodeIgniter\Boot::runCommand()
#13 /home/etudiant/ll222278/CodeIgniter/SGT/spark(84): CodeIgniter\Boot::bootSpark()
#14 {main}
ERROR - 2024-11-22 15:32:34 --> ErrorException: pg_query(): Query failed: ERREUR:  la relation « tache » existe déjà in /home/etudiant/ll222278/CodeIgniter/SGT/system/Database/Postgre/Connection.php:204
Stack trace:
#0 [internal function]: CodeIgniter\Debug\Exceptions->errorHandler()
#1 /home/etudiant/ll222278/CodeIgniter/SGT/system/Database/Postgre/Connection.php(204): pg_query()
#2 /home/etudiant/ll222278/CodeIgniter/SGT/system/Database/BaseConnection.php(734): CodeIgniter\Database\Postgre\Connection->execute()
#3 /home/etudiant/ll222278/CodeIgniter/SGT/system/Database/BaseConnection.php(648): CodeIgniter\Database\BaseConnection->simpleQuery()
#4 /home/etudiant/ll222278/CodeIgniter/SGT/system/Database/Forge.php(570): CodeIgniter\Database\BaseConnection->query()
#5 /home/etudiant/ll222278/CodeIgniter/SGT/app/Database/Migrations/2024-11-22-144556_CreateTacheTable.php(48): CodeIgniter\Database\Forge->createTable()
#6 /home/etudiant/ll222278/CodeIgniter/SGT/system/Database/MigrationRunner.php(867): App\Database\Migrations\CreateTacheTable->up()
#7 /home/etudiant/ll222278/CodeIgniter/SGT/system/Database/MigrationRunner.php(183): CodeIgniter\Database\MigrationRunner->migrate()
#8 /home/etudiant/ll222278/CodeIgniter/SGT/system/Commands/Database/Migrate.php(85): CodeIgniter\Database\MigrationRunner->latest()
#9 /home/etudiant/ll222278/CodeIgniter/SGT/system/CLI/Commands.php(70): CodeIgniter\Commands\Database\Migrate->run()
#10 /home/etudiant/ll222278/CodeIgniter/SGT/system/CLI/Console.php(48): CodeIgniter\CLI\Commands->run()
#11 /home/etudiant/ll222278/CodeIgniter/SGT/system/Boot.php(351): CodeIgniter\CLI\Console->run()
#12 /home/etudiant/ll222278/CodeIgniter/SGT/system/Boot.php(104): CodeIgniter\Boot::runCommand()
#13 /home/etudiant/ll222278/CodeIgniter/SGT/spark(84): CodeIgniter\Boot::bootSpark()
#14 {main}
ERROR - 2024-11-22 15:33:15 --> ErrorException: pg_query(): Query failed: ERREUR:  la relation « utilisateur » n'existe pas in /home/etudiant/ll222278/CodeIgniter/SGT/system/Database/Postgre/Connection.php:204
Stack trace:
#0 [internal function]: CodeIgniter\Debug\Exceptions->errorHandler()
#1 /home/etudiant/ll222278/CodeIgniter/SGT/system/Database/Postgre/Connection.php(204): pg_query()
#2 /home/etudiant/ll222278/CodeIgniter/SGT/system/Database/BaseConnection.php(734): CodeIgniter\Database\Postgre\Connection->execute()
#3 /home/etudiant/ll222278/CodeIgniter/SGT/system/Database/BaseConnection.php(648): CodeIgniter\Database\BaseConnection->simpleQuery()
#4 /home/etudiant/ll222278/CodeIgniter/SGT/system/Database/Forge.php(570): CodeIgniter\Database\BaseConnection->query()
#5 /home/etudiant/ll222278/CodeIgniter/SGT/app/Database/Migrations/2024-11-22-144556_CreateTacheTable.php(48): CodeIgniter\Database\Forge->createTable()
#6 /home/etudiant/ll222278/CodeIgniter/SGT/system/Database/MigrationRunner.php(867): App\Database\Migrations\CreateTacheTable->up()
#7 /home/etudiant/ll222278/CodeIgniter/SGT/system/Database/MigrationRunner.php(183): CodeIgniter\Database\MigrationRunner->migrate()
#8 /home/etudiant/ll222278/CodeIgniter/SGT/system/Commands/Database/Migrate.php(85): CodeIgniter\Database\MigrationRunner->latest()
#9 /home/etudiant/ll222278/CodeIgniter/SGT/system/CLI/Commands.php(70): CodeIgniter\Commands\Database\Migrate->run()
#10 /home/etudiant/ll222278/CodeIgniter/SGT/system/CLI/Console.php(48): CodeIgniter\CLI\Commands->run()
#11 /home/etudiant/ll222278/CodeIgniter/SGT/system/Boot.php(351): CodeIgniter\CLI\Console->run()
#12 /home/etudiant/ll222278/CodeIgniter/SGT/system/Boot.php(104): CodeIgniter\Boot::runCommand()
#13 /home/etudiant/ll222278/CodeIgniter/SGT/spark(84): CodeIgniter\Boot::bootSpark()
#14 {main}
ERROR - 2024-11-22 15:33:36 --> ErrorException: pg_query(): Query failed: ERREUR:  la table « utilisateur » n'existe pas in /home/etudiant/ll222278/CodeIgniter/SGT/system/Database/Postgre/Connection.php:204
Stack trace:
#0 [internal function]: CodeIgniter\Debug\Exceptions->errorHandler()
#1 /home/etudiant/ll222278/CodeIgniter/SGT/system/Database/Postgre/Connection.php(204): pg_query()
#2 /home/etudiant/ll222278/CodeIgniter/SGT/system/Database/BaseConnection.php(734): CodeIgniter\Database\Postgre\Connection->execute()
#3 /home/etudiant/ll222278/CodeIgniter/SGT/system/Database/BaseConnection.php(648): CodeIgniter\Database\BaseConnection->simpleQuery()
#4 /home/etudiant/ll222278/CodeIgniter/SGT/system/Database/Forge.php(663): CodeIgniter\Database\BaseConnection->query()
#5 /home/etudiant/ll222278/CodeIgniter/SGT/app/Database/Migrations/2024-11-22-143935_CreateUtilisateurTable.php(40): CodeIgniter\Database\Forge->dropTable()
#6 /home/etudiant/ll222278/CodeIgniter/SGT/system/Database/MigrationRunner.php(867): App\Database\Migrations\CreateUtilisateurTable->down()
#7 /home/etudiant/ll222278/CodeIgniter/SGT/system/Database/MigrationRunner.php(290): CodeIgniter\Database\MigrationRunner->migrate()
#8 /home/etudiant/ll222278/CodeIgniter/SGT/system/Commands/Database/MigrateRollback.php(101): CodeIgniter\Database\MigrationRunner->regress()
#9 /home/etudiant/ll222278/CodeIgniter/SGT/system/CLI/Commands.php(70): CodeIgniter\Commands\Database\MigrateRollback->run()
#10 /home/etudiant/ll222278/CodeIgniter/SGT/system/CLI/Console.php(48): CodeIgniter\CLI\Commands->run()
#11 /home/etudiant/ll222278/CodeIgniter/SGT/system/Boot.php(351): CodeIgniter\CLI\Console->run()
#12 /home/etudiant/ll222278/CodeIgniter/SGT/system/Boot.php(104): CodeIgniter\Boot::runCommand()
#13 /home/etudiant/ll222278/CodeIgniter/SGT/spark(84): CodeIgniter\Boot::bootSpark()
#14 {main}
ERROR - 2024-11-22 15:33:55 --> ErrorException: pg_query(): Query failed: ERREUR:  la table « utilisateur » n'existe pas in /home/etudiant/ll222278/CodeIgniter/SGT/system/Database/Postgre/Connection.php:204
Stack trace:
#0 [internal function]: CodeIgniter\Debug\Exceptions->errorHandler()
#1 /home/etudiant/ll222278/CodeIgniter/SGT/system/Database/Postgre/Connection.php(204): pg_query()
#2 /home/etudiant/ll222278/CodeIgniter/SGT/system/Database/BaseConnection.php(734): CodeIgniter\Database\Postgre\Connection->execute()
#3 /home/etudiant/ll222278/CodeIgniter/SGT/system/Database/BaseConnection.php(648): CodeIgniter\Database\BaseConnection->simpleQuery()
#4 /home/etudiant/ll222278/CodeIgniter/SGT/system/Database/Forge.php(663): CodeIgniter\Database\BaseConnection->query()
#5 /home/etudiant/ll222278/CodeIgniter/SGT/app/Database/Migrations/2024-11-22-143935_CreateUtilisateurTable.php(40): CodeIgniter\Database\Forge->dropTable()
#6 /home/etudiant/ll222278/CodeIgniter/SGT/system/Database/MigrationRunner.php(867): App\Database\Migrations\CreateUtilisateurTable->down()
#7 /home/etudiant/ll222278/CodeIgniter/SGT/system/Database/MigrationRunner.php(290): CodeIgniter\Database\MigrationRunner->migrate()
#8 /home/etudiant/ll222278/CodeIgniter/SGT/system/Commands/Database/MigrateRollback.php(101): CodeIgniter\Database\MigrationRunner->regress()
#9 /home/etudiant/ll222278/CodeIgniter/SGT/system/CLI/Commands.php(70): CodeIgniter\Commands\Database\MigrateRollback->run()
#10 /home/etudiant/ll222278/CodeIgniter/SGT/system/CLI/Console.php(48): CodeIgniter\CLI\Commands->run()
#11 /home/etudiant/ll222278/CodeIgniter/SGT/system/Boot.php(351): CodeIgniter\CLI\Console->run()
#12 /home/etudiant/ll222278/CodeIgniter/SGT/system/Boot.php(104): CodeIgniter\Boot::runCommand()
#13 /home/etudiant/ll222278/CodeIgniter/SGT/spark(84): CodeIgniter\Boot::bootSpark()
#14 {main}
ERROR - 2024-11-22 15:34:27 --> ErrorException: pg_query(): Query failed: ERREUR:  la relation « utilisateur » n'existe pas in /home/etudiant/ll222278/CodeIgniter/SGT/system/Database/Postgre/Connection.php:204
Stack trace:
#0 [internal function]: CodeIgniter\Debug\Exceptions->errorHandler()
#1 /home/etudiant/ll222278/CodeIgniter/SGT/system/Database/Postgre/Connection.php(204): pg_query()
#2 /home/etudiant/ll222278/CodeIgniter/SGT/system/Database/BaseConnection.php(734): CodeIgniter\Database\Postgre\Connection->execute()
#3 /home/etudiant/ll222278/CodeIgniter/SGT/system/Database/BaseConnection.php(648): CodeIgniter\Database\BaseConnection->simpleQuery()
#4 /home/etudiant/ll222278/CodeIgniter/SGT/system/Database/Forge.php(570): CodeIgniter\Database\BaseConnection->query()
#5 /home/etudiant/ll222278/CodeIgniter/SGT/app/Database/Migrations/2024-11-22-144556_CreateTacheTable.php(48): CodeIgniter\Database\Forge->createTable()
#6 /home/etudiant/ll222278/CodeIgniter/SGT/system/Database/MigrationRunner.php(867): App\Database\Migrations\CreateTacheTable->up()
#7 /home/etudiant/ll222278/CodeIgniter/SGT/system/Database/MigrationRunner.php(183): CodeIgniter\Database\MigrationRunner->migrate()
#8 /home/etudiant/ll222278/CodeIgniter/SGT/system/Commands/Database/Migrate.php(85): CodeIgniter\Database\MigrationRunner->latest()
#9 /home/etudiant/ll222278/CodeIgniter/SGT/system/CLI/Commands.php(70): CodeIgniter\Commands\Database\Migrate->run()
#10 /home/etudiant/ll222278/CodeIgniter/SGT/system/CLI/BaseCommand.php(119): CodeIgniter\CLI\Commands->run()
#11 /home/etudiant/ll222278/CodeIgniter/SGT/system/Commands/Database/MigrateRefresh.php(87): CodeIgniter\CLI\BaseCommand->call()
#12 /home/etudiant/ll222278/CodeIgniter/SGT/system/CLI/Commands.php(70): CodeIgniter\Commands\Database\MigrateRefresh->run()
#13 /home/etudiant/ll222278/CodeIgniter/SGT/system/CLI/Console.php(48): CodeIgniter\CLI\Commands->run()
#14 /home/etudiant/ll222278/CodeIgniter/SGT/system/Boot.php(351): CodeIgniter\CLI\Console->run()
#15 /home/etudiant/ll222278/CodeIgniter/SGT/system/Boot.php(104): CodeIgniter\Boot::runCommand()
#16 /home/etudiant/ll222278/CodeIgniter/SGT/spark(84): CodeIgniter\Boot::bootSpark()
#17 {main}
ERROR - 2024-11-22 15:35:24 --> ErrorException: pg_query(): Query failed: ERREUR:  la table « utilisateur » n'existe pas in /home/etudiant/ll222278/CodeIgniter/SGT/system/Database/Postgre/Connection.php:204
Stack trace:
#0 [internal function]: CodeIgniter\Debug\Exceptions->errorHandler()
#1 /home/etudiant/ll222278/CodeIgniter/SGT/system/Database/Postgre/Connection.php(204): pg_query()
#2 /home/etudiant/ll222278/CodeIgniter/SGT/system/Database/BaseConnection.php(734): CodeIgniter\Database\Postgre\Connection->execute()
#3 /home/etudiant/ll222278/CodeIgniter/SGT/system/Database/BaseConnection.php(648): CodeIgniter\Database\BaseConnection->simpleQuery()
#4 /home/etudiant/ll222278/CodeIgniter/SGT/system/Database/Forge.php(663): CodeIgniter\Database\BaseConnection->query()
#5 /home/etudiant/ll222278/CodeIgniter/SGT/app/Database/Migrations/2024-11-22-143935_CreateUtilisateurTable.php(40): CodeIgniter\Database\Forge->dropTable()
#6 /home/etudiant/ll222278/CodeIgniter/SGT/system/Database/MigrationRunner.php(867): App\Database\Migrations\CreateUtilisateurTable->down()
#7 /home/etudiant/ll222278/CodeIgniter/SGT/system/Database/MigrationRunner.php(290): CodeIgniter\Database\MigrationRunner->migrate()
#8 /home/etudiant/ll222278/CodeIgniter/SGT/system/Commands/Database/MigrateRollback.php(101): CodeIgniter\Database\MigrationRunner->regress()
#9 /home/etudiant/ll222278/CodeIgniter/SGT/system/CLI/Commands.php(70): CodeIgniter\Commands\Database\MigrateRollback->run()
#10 /home/etudiant/ll222278/CodeIgniter/SGT/system/CLI/Console.php(48): CodeIgniter\CLI\Commands->run()
#11 /home/etudiant/ll222278/CodeIgniter/SGT/system/Boot.php(351): CodeIgniter\CLI\Console->run()
#12 /home/etudiant/ll222278/CodeIgniter/SGT/system/Boot.php(104): CodeIgniter\Boot::runCommand()
#13 /home/etudiant/ll222278/CodeIgniter/SGT/spark(84): CodeIgniter\Boot::bootSpark()
#14 {main}
ERROR - 2024-11-22 15:37:54 --> ErrorException: pg_query(): Query failed: ERREUR:  la colonne « datecreation » de la relation « tache » n'existe pas in /home/etudiant/ll222278/CodeIgniter/SGT/system/Database/Postgre/Connection.php:204
Stack trace:
#0 [internal function]: CodeIgniter\Debug\Exceptions->errorHandler()
#1 /home/etudiant/ll222278/CodeIgniter/SGT/system/Database/Postgre/Connection.php(204): pg_query()
#2 /home/etudiant/ll222278/CodeIgniter/SGT/system/Database/BaseConnection.php(734): CodeIgniter\Database\Postgre\Connection->execute()
#3 /home/etudiant/ll222278/CodeIgniter/SGT/system/Database/BaseConnection.php(648): CodeIgniter\Database\BaseConnection->simpleQuery()
#4 /home/etudiant/ll222278/CodeIgniter/SGT/app/Database/Migrations/2024-11-22-153743_CreateTacheTable.php(51): CodeIgniter\Database\BaseConnection->query()
#5 /home/etudiant/ll222278/CodeIgniter/SGT/system/Database/MigrationRunner.php(867): App\Database\Migrations\CreateTacheTable->up()
#6 /home/etudiant/ll222278/CodeIgniter/SGT/system/Database/MigrationRunner.php(183): CodeIgniter\Database\MigrationRunner->migrate()
#7 /home/etudiant/ll222278/CodeIgniter/SGT/system/Commands/Database/Migrate.php(85): CodeIgniter\Database\MigrationRunner->latest()
#8 /home/etudiant/ll222278/CodeIgniter/SGT/system/CLI/Commands.php(70): CodeIgniter\Commands\Database\Migrate->run()
#9 /home/etudiant/ll222278/CodeIgniter/SGT/system/CLI/Console.php(48): CodeIgniter\CLI\Commands->run()
#10 /home/etudiant/ll222278/CodeIgniter/SGT/system/Boot.php(351): CodeIgniter\CLI\Console->run()
#11 /home/etudiant/ll222278/CodeIgniter/SGT/system/Boot.php(104): CodeIgniter\Boot::runCommand()
#12 /home/etudiant/ll222278/CodeIgniter/SGT/spark(84): CodeIgniter\Boot::bootSpark()
#13 {main}
ERROR - 2024-11-22 15:42:52 --> ErrorException: pg_query(): Query failed: ERREUR:  la relation « tache » existe déjà in /home/etudiant/ll222278/CodeIgniter/SGT/system/Database/Postgre/Connection.php:204
Stack trace:
#0 [internal function]: CodeIgniter\Debug\Exceptions->errorHandler()
#1 /home/etudiant/ll222278/CodeIgniter/SGT/system/Database/Postgre/Connection.php(204): pg_query()
#2 /home/etudiant/ll222278/CodeIgniter/SGT/system/Database/BaseConnection.php(734): CodeIgniter\Database\Postgre\Connection->execute()
#3 /home/etudiant/ll222278/CodeIgniter/SGT/system/Database/BaseConnection.php(648): CodeIgniter\Database\BaseConnection->simpleQuery()
#4 /home/etudiant/ll222278/CodeIgniter/SGT/system/Database/Forge.php(570): CodeIgniter\Database\BaseConnection->query()
#5 /home/etudiant/ll222278/CodeIgniter/SGT/app/Database/Migrations/2024-11-22-153743_CreateTacheTable.php(48): CodeIgniter\Database\Forge->createTable()
#6 /home/etudiant/ll222278/CodeIgniter/SGT/system/Database/MigrationRunner.php(867): App\Database\Migrations\CreateTacheTable->up()
#7 /home/etudiant/ll222278/CodeIgniter/SGT/system/Database/MigrationRunner.php(183): CodeIgniter\Database\MigrationRunner->migrate()
#8 /home/etudiant/ll222278/CodeIgniter/SGT/system/Commands/Database/Migrate.php(85): CodeIgniter\Database\MigrationRunner->latest()
#9 /home/etudiant/ll222278/CodeIgniter/SGT/system/CLI/Commands.php(70): CodeIgniter\Commands\Database\Migrate->run()
#10 /home/etudiant/ll222278/CodeIgniter/SGT/system/CLI/Console.php(48): CodeIgniter\CLI\Commands->run()
#11 /home/etudiant/ll222278/CodeIgniter/SGT/system/Boot.php(351): CodeIgniter\CLI\Console->run()
#12 /home/etudiant/ll222278/CodeIgniter/SGT/system/Boot.php(104): CodeIgniter\Boot::runCommand()
#13 /home/etudiant/ll222278/CodeIgniter/SGT/spark(84): CodeIgniter\Boot::bootSpark()
#14 {main}
ERROR - 2024-11-22 15:43:13 --> ErrorException: pg_query(): Query failed: ERREUR:  la colonne « datecreation » de la relation « tache » n'existe pas in /home/etudiant/ll222278/CodeIgniter/SGT/system/Database/Postgre/Connection.php:204
Stack trace:
#0 [internal function]: CodeIgniter\Debug\Exceptions->errorHandler()
#1 /home/etudiant/ll222278/CodeIgniter/SGT/system/Database/Postgre/Connection.php(204): pg_query()
#2 /home/etudiant/ll222278/CodeIgniter/SGT/system/Database/BaseConnection.php(734): CodeIgniter\Database\Postgre\Connection->execute()
#3 /home/etudiant/ll222278/CodeIgniter/SGT/system/Database/BaseConnection.php(648): CodeIgniter\Database\BaseConnection->simpleQuery()
#4 /home/etudiant/ll222278/CodeIgniter/SGT/app/Database/Migrations/2024-11-22-154205_UpdateTacheTable.php(12): CodeIgniter\Database\BaseConnection->query()
#5 /home/etudiant/ll222278/CodeIgniter/SGT/system/Database/MigrationRunner.php(867): App\Database\Migrations\UpdateTacheTable->up()
#6 /home/etudiant/ll222278/CodeIgniter/SGT/system/Database/MigrationRunner.php(183): CodeIgniter\Database\MigrationRunner->migrate()
#7 /home/etudiant/ll222278/CodeIgniter/SGT/system/Commands/Database/Migrate.php(85): CodeIgniter\Database\MigrationRunner->latest()
#8 /home/etudiant/ll222278/CodeIgniter/SGT/system/CLI/Commands.php(70): CodeIgniter\Commands\Database\Migrate->run()
#9 /home/etudiant/ll222278/CodeIgniter/SGT/system/CLI/Console.php(48): CodeIgniter\CLI\Commands->run()
#10 /home/etudiant/ll222278/CodeIgniter/SGT/system/Boot.php(351): CodeIgniter\CLI\Console->run()
#11 /home/etudiant/ll222278/CodeIgniter/SGT/system/Boot.php(104): CodeIgniter\Boot::runCommand()
#12 /home/etudiant/ll222278/CodeIgniter/SGT/spark(84): CodeIgniter\Boot::bootSpark()
#13 {main}
ERROR - 2024-11-22 15:44:20 --> ErrorException: pg_query(): Query failed: ERREUR:  la contrainte « check_priorite » de la relation « tache » existe déjà in /home/etudiant/ll222278/CodeIgniter/SGT/system/Database/Postgre/Connection.php:204
Stack trace:
#0 [internal function]: CodeIgniter\Debug\Exceptions->errorHandler()
#1 /home/etudiant/ll222278/CodeIgniter/SGT/system/Database/Postgre/Connection.php(204): pg_query()
#2 /home/etudiant/ll222278/CodeIgniter/SGT/system/Database/BaseConnection.php(734): CodeIgniter\Database\Postgre\Connection->execute()
#3 /home/etudiant/ll222278/CodeIgniter/SGT/system/Database/BaseConnection.php(648): CodeIgniter\Database\BaseConnection->simpleQuery()
#4 /home/etudiant/ll222278/CodeIgniter/SGT/app/Database/Migrations/2024-11-22-154409_UpdateTacheTable.php(11): CodeIgniter\Database\BaseConnection->query()
#5 /home/etudiant/ll222278/CodeIgniter/SGT/system/Database/MigrationRunner.php(867): App\Database\Migrations\UpdateTacheTable->up()
#6 /home/etudiant/ll222278/CodeIgniter/SGT/system/Database/MigrationRunner.php(183): CodeIgniter\Database\MigrationRunner->migrate()
#7 /home/etudiant/ll222278/CodeIgniter/SGT/system/Commands/Database/Migrate.php(85): CodeIgniter\Database\MigrationRunner->latest()
#8 /home/etudiant/ll222278/CodeIgniter/SGT/system/CLI/Commands.php(70): CodeIgniter\Commands\Database\Migrate->run()
#9 /home/etudiant/ll222278/CodeIgniter/SGT/system/CLI/Console.php(48): CodeIgniter\CLI\Commands->run()
#10 /home/etudiant/ll222278/CodeIgniter/SGT/system/Boot.php(351): CodeIgniter\CLI\Console->run()
#11 /home/etudiant/ll222278/CodeIgniter/SGT/system/Boot.php(104): CodeIgniter\Boot::runCommand()
#12 /home/etudiant/ll222278/CodeIgniter/SGT/spark(84): CodeIgniter\Boot::bootSpark()
#13 {main}
ERROR - 2024-11-22 15:47:05 --> ErrorException: pg_query(): Query failed: ERREUR:  la colonne « datecreation » de la relation « tache » n'existe pas in /home/etudiant/ll222278/CodeIgniter/SGT/system/Database/Postgre/Connection.php:204
Stack trace:
#0 [internal function]: CodeIgniter\Debug\Exceptions->errorHandler()
#1 /home/etudiant/ll222278/CodeIgniter/SGT/system/Database/Postgre/Connection.php(204): pg_query()
#2 /home/etudiant/ll222278/CodeIgniter/SGT/system/Database/BaseConnection.php(734): CodeIgniter\Database\Postgre\Connection->execute()
#3 /home/etudiant/ll222278/CodeIgniter/SGT/system/Database/BaseConnection.php(648): CodeIgniter\Database\BaseConnection->simpleQuery()
#4 /home/etudiant/ll222278/CodeIgniter/SGT/app/Database/Migrations/2024-11-22-154630_UpdateTacheTable.php(12): CodeIgniter\Database\BaseConnection->query()
#5 /home/etudiant/ll222278/CodeIgniter/SGT/system/Database/MigrationRunner.php(867): App\Database\Migrations\UpdateTacheTable->up()
#6 /home/etudiant/ll222278/CodeIgniter/SGT/system/Database/MigrationRunner.php(183): CodeIgniter\Database\MigrationRunner->migrate()
#7 /home/etudiant/ll222278/CodeIgniter/SGT/system/Commands/Database/Migrate.php(85): CodeIgniter\Database\MigrationRunner->latest()
#8 /home/etudiant/ll222278/CodeIgniter/SGT/system/CLI/Commands.php(70): CodeIgniter\Commands\Database\Migrate->run()
#9 /home/etudiant/ll222278/CodeIgniter/SGT/system/CLI/Console.php(48): CodeIgniter\CLI\Commands->run()
#10 /home/etudiant/ll222278/CodeIgniter/SGT/system/Boot.php(351): CodeIgniter\CLI\Console->run()
#11 /home/etudiant/ll222278/CodeIgniter/SGT/system/Boot.php(104): CodeIgniter\Boot::runCommand()
#12 /home/etudiant/ll222278/CodeIgniter/SGT/spark(84): CodeIgniter\Boot::bootSpark()
#13 {main}
ERROR - 2024-11-22 15:57:31 --> ErrorException: pg_query(): Query failed: ERREUR:  valeur trop longue pour le type character varying(50) in /home/etudiant/ll222278/CodeIgniter/SGT/system/Database/Postgre/Connection.php:204
Stack trace:
#0 [internal function]: CodeIgniter\Debug\Exceptions->errorHandler()
#1 /home/etudiant/ll222278/CodeIgniter/SGT/system/Database/Postgre/Connection.php(204): pg_query()
#2 /home/etudiant/ll222278/CodeIgniter/SGT/system/Database/BaseConnection.php(734): CodeIgniter\Database\Postgre\Connection->execute()
#3 /home/etudiant/ll222278/CodeIgniter/SGT/system/Database/BaseConnection.php(648): CodeIgniter\Database\BaseConnection->simpleQuery()
#4 /home/etudiant/ll222278/CodeIgniter/SGT/system/Database/BaseBuilder.php(1836): CodeIgniter\Database\BaseConnection->query()
#5 /home/etudiant/ll222278/CodeIgniter/SGT/system/Database/BaseBuilder.php(2225): CodeIgniter\Database\BaseBuilder->batchExecute()
#6 /home/etudiant/ll222278/CodeIgniter/SGT/app/Database/Seeds/UtilisateurSeeder.php(29): CodeIgniter\Database\BaseBuilder->insertBatch()
#7 /home/etudiant/ll222278/CodeIgniter/SGT/system/Database/Seeder.php(147): App\Database\Seeds\UtilisateurSeeder->run()
#8 /home/etudiant/ll222278/CodeIgniter/SGT/system/Commands/Database/Seed.php(79): CodeIgniter\Database\Seeder->call()
#9 /home/etudiant/ll222278/CodeIgniter/SGT/system/CLI/Commands.php(70): CodeIgniter\Commands\Database\Seed->run()
#10 /home/etudiant/ll222278/CodeIgniter/SGT/system/CLI/Console.php(48): CodeIgniter\CLI\Commands->run()
#11 /home/etudiant/ll222278/CodeIgniter/SGT/system/Boot.php(351): CodeIgniter\CLI\Console->run()
#12 /home/etudiant/ll222278/CodeIgniter/SGT/system/Boot.php(104): CodeIgniter\Boot::runCommand()
#13 /home/etudiant/ll222278/CodeIgniter/SGT/spark(84): CodeIgniter\Boot::bootSpark()
#14 {main}
